[0206/121703.794:INFO:CONSOLE(0)] "The Content Security Policy directive 'upgrade-insecure-requests' is ignored when delivered in a report-only policy.", source: https://web.whatsapp.com/ (0)
[0206/121703.797:INFO:CONSOLE(1)] "[Report Only] Refused to apply inline style because it violates the following Content Security Policy directive: "default-src 'self' data: blob:". Either the 'unsafe-inline' keyword, a hash ('sha256-8StEYqCRZcc6KLATZgvty1WmbhiLWXhDGKW8XNZQ9So='), or a nonce ('nonce-...') is required to enable inline execution. Note also that 'style-src' was not explicitly set, so 'default-src' is used as a fallback.
", source: https://web.whatsapp.com/ (1)
[0206/121703.798:INFO:CONSOLE(1)] "[Report Only] Refused to execute inline script because it violates the following Content Security Policy directive: "default-src 'self' data: blob:". Either the 'unsafe-inline' keyword, a hash ('sha256-S3m23JGn7jM3OxFZkcPrKH7XEM+2cIQhtMq2gu3b/L0='), or a nonce ('nonce-...') is required to enable inline execution. Note also that 'script-src' was not explicitly set, so 'default-src' is used as a fallback.
", source: https://web.whatsapp.com/ (1)
[0206/121703.834:INFO:CONSOLE(1)] "[Report Only] Refused to execute inline script because it violates the following Content Security Policy directive: "default-src 'self' data: blob:". Either the 'unsafe-inline' keyword, a hash ('sha256-8yzl0L8+t6jro3MVjwC887MXZbD1gQDibP03xy7fU/U='), or a nonce ('nonce-...') is required to enable inline execution. Note also that 'script-src' was not explicitly set, so 'default-src' is used as a fallback.
", source: https://web.whatsapp.com/ (1)
[0206/121703.834:INFO:CONSOLE(2)] "[Report Only] Refused to execute inline script because it violates the following Content Security Policy directive: "default-src 'self' data: blob:". Either the 'unsafe-inline' keyword, a hash ('sha256-nIzT0PTVr4x/XNHEUgjt0wi/5HLjU6UOTLrL9stYYnw='), or a nonce ('nonce-...') is required to enable inline execution. Note also that 'script-src' was not explicitly set, so 'default-src' is used as a fallback.
", source: https://web.whatsapp.com/ (2)
[0206/121703.896:INFO:CONSOLE(7)] "[Report Only] Refused to evaluate a string as JavaScript because 'unsafe-eval' is not an allowed source of script in the following Content Security Policy directive: "default-src 'self' data: blob:". Note that 'script-src' was not explicitly set, so 'default-src' is used as a fallback.
", source: https://web.whatsapp.com/vendor1~app.0c8e960e5dfd7020f562.js (7)
[0206/121703.969:INFO:CONSOLE(1)] "[Report Only] Refused to compile or instantiate WebAssembly module because 'unsafe-eval' is not an allowed source of script in the following Content Security Policy directive: "default-src 'self' data: blob:". Note that 'script-src' was not explicitly set, so 'default-src' is used as a fallback.
", source: https://web.whatsapp.com/libsignal-protocol-ee5b8ba.min.js (1)
[0206/121704.073:INFO:CONSOLE(68)] "[Report Only] Refused to apply inline style because it violates the following Content Security Policy directive: "default-src 'self' data: blob:". Either the 'unsafe-inline' keyword, a hash ('sha256-47DEQpj8HBSa+/TImW+5JCeuQeRkm5NMpJWZG3hSuFU='), or a nonce ('nonce-...') is required to enable inline execution. Note also that 'style-src' was not explicitly set, so 'default-src' is used as a fallback.
", source: https://web.whatsapp.com/app.ef9c57efcabd52e9f4d3.js (68)
[0206/121714.698:INFO:CONSOLE(1)] "Uncaught (in promise) TypeError: Failed to execute 'put' on 'Cache': Partial response (status code 206) is unsupported", source: https://web.whatsapp.com/serviceworker.js (1)
[0206/121714.753:INFO:CONSOLE(1)] "Uncaught (in promise) TypeError: Failed to execute 'put' on 'Cache': Partial response (status code 206) is unsupported", source: https://web.whatsapp.com/serviceworker.js (1)
[0206/121719.198:INFO:CONSOLE(0)] "[Report Only] Refused to load the image 'https://pps.whatsapp.net/v/t61.24694-24/325959345_122692673870996_2967200296753580903_n.jpg?stp=dst-jpg_s96x96&ccb=11-4&oh=01_AdRE4HKB-mLEQpamgmH8b3KlLIRo8ewry2sJDd2uIJVhrQ&oe=63EDAC81' because it violates the following Content Security Policy directive: "default-src 'self' data: blob:". Note that 'img-src' was not explicitly set, so 'default-src' is used as a fallback.
", source: https://web.whatsapp.com/ (0)
[0206/121719.199:INFO:CONSOLE(0)] "[Report Only] Refused to load the image 'https://pps.whatsapp.net/v/t61.24694-24/319804201_5769075236508256_6627541230254421897_n.jpg?stp=dst-jpg_s96x96&ccb=11-4&oh=01_AdSoIyxNkf-imvf-CkBqHoXT61vjM35lltUSkHdi-P41Mg&oe=63EDB71E' because it violates the following Content Security Policy directive: "default-src 'self' data: blob:". Note that 'img-src' was not explicitly set, so 'default-src' is used as a fallback.
", source: https://web.whatsapp.com/ (0)
[0206/121719.200:INFO:CONSOLE(0)] "[Report Only] Refused to load the image 'https://pps.whatsapp.net/v/t61.24694-24/309474167_1310653059710015_6210987105953115913_n.jpg?stp=dst-jpg_s96x96&ccb=11-4&oh=01_AdTj-lFm-GlQu0dgqP5zzvkn-WI_0bhk72kdPOzcSfi63w&oe=63EDC84E' because it violates the following Content Security Policy directive: "default-src 'self' data: blob:". Note that 'img-src' was not explicitly set, so 'default-src' is used as a fallback.
", source: https://web.whatsapp.com/ (0)
[0206/121719.200:INFO:CONSOLE(0)] "[Report Only] Refused to load the image 'https://pps.whatsapp.net/v/t61.24694-24/317631012_148470688015371_1845940582434811507_n.jpg?stp=dst-jpg_s96x96&ccb=11-4&oh=01_AdRsbmaE9vSPbcGHX4PQSc9pMSyiqZphBatA7LP5GvI9_g&oe=63EDBC19' because it violates the following Content Security Policy directive: "default-src 'self' data: blob:". Note that 'img-src' was not explicitly set, so 'default-src' is used as a fallback.
", source: https://web.whatsapp.com/ (0)
[0206/121719.200:INFO:CONSOLE(0)] "[Report Only] Refused to load the image 'https://pps.whatsapp.net/v/t61.24694-24/311645274_980954899539015_8374322725823407062_n.jpg?stp=dst-jpg_s96x96&ccb=11-4&oh=01_AdR8gmts_rRNLItehJlnkKGODeop1rsjeQuT7anj7gWa9w&oe=63EDCFE0' because it violates the following Content Security Policy directive: "default-src 'self' data: blob:". Note that 'img-src' was not explicitly set, so 'default-src' is used as a fallback.
", source: https://web.whatsapp.com/ (0)
[0206/121719.201:INFO:CONSOLE(0)] "[Report Only] Refused to load the image 'https://pps.whatsapp.net/v/t61.24694-24/295189282_1824571754609055_5543822637031655891_n.jpg?stp=dst-jpg_s96x96&ccb=11-4&oh=01_AdSLV40dX-rDb_kN1ujClZOrSJl6IfvrrsSmD1TX31ayBQ&oe=63EDAC78' because it violates the following Content Security Policy directive: "default-src 'self' data: blob:". Note that 'img-src' was not explicitly set, so 'default-src' is used as a fallback.
", source: https://web.whatsapp.com/ (0)
[0206/121719.201:INFO:CONSOLE(0)] "[Report Only] Refused to load the image 'https://pps.whatsapp.net/v/t61.24694-24/267319498_444545160406279_8965422371424825826_n.jpg?stp=dst-jpg_s96x96&ccb=11-4&oh=01_AdSY8Fru9u01pkY4UpqYz7rnGs2cQohFzyGZJMA3mfUAHA&oe=63EDA000' because it violates the following Content Security Policy directive: "default-src 'self' data: blob:". Note that 'img-src' was not explicitly set, so 'default-src' is used as a fallback.
", source: https://web.whatsapp.com/ (0)
[0206/121719.202:INFO:CONSOLE(0)] "[Report Only] Refused to load the image 'https://pps.whatsapp.net/v/t61.24694-24/322324748_881313203133177_1883126948718302550_n.jpg?stp=dst-jpg_s96x96&ccb=11-4&oh=01_AdTzwcAQJXdKcgiTNhcxDlQDPGBLT83AsJ1uGiaIMv_a8Q&oe=63EDA510' because it violates the following Content Security Policy directive: "default-src 'self' data: blob:". Note that 'img-src' was not explicitly set, so 'default-src' is used as a fallback.
", source: https://web.whatsapp.com/ (0)
[0206/121719.202:INFO:CONSOLE(0)] "[Report Only] Refused to load the image 'https://pps.whatsapp.net/v/t61.24694-24/325959345_122692673870996_2967200296753580903_n.jpg?stp=dst-jpg_s96x96&ccb=11-4&oh=01_AdRE4HKB-mLEQpamgmH8b3KlLIRo8ewry2sJDd2uIJVhrQ&oe=63EDAC81' because it violates the following Content Security Policy directive: "default-src 'self' data: blob:". Note that 'img-src' was not explicitly set, so 'default-src' is used as a fallback.
", source: https://web.whatsapp.com/ (0)
[0206/121719.203:INFO:CONSOLE(0)] "[Report Only] Refused to load the image 'https://pps.whatsapp.net/v/t61.24694-24/233451269_385045816662510_7624158985468954237_n.jpg?stp=dst-jpg_s96x96&ccb=11-4&oh=01_AdSif7O_PkJVGtUxZwMK6E1m5cI5UjyuC6plNcn4DeXTRQ&oe=63EDC826' because it violates the following Content Security Policy directive: "default-src 'self' data: blob:". Note that 'img-src' was not explicitly set, so 'default-src' is used as a fallback.
", source: https://web.whatsapp.com/ (0)
